app/build/intermediates/manifest_merge_blame_file/release/manifest-merger-blame-release-report.txt
1<?xml version="1.0" encoding="utf-8"?>
2<manifest xmlns:android="http://schemas.android.com/apk/res/android"
3    package="com.google.firebase.example.fireeats"
4    android:versionCode="1"
5    android:versionName="1.0" >
6
7    <uses-sdk
8        android:minSdkVersion="16"
8-->src\main\AndroidManifest.xml
9        android:targetSdkVersion="29" />
9-->src\main\AndroidManifest.xml
10
11    <!-- Although the *SdkVersion is captured in gradle build files, this is required for non gradle builds -->
12    <!-- <uses-sdk android:minSdkVersion="14" /> -->
13    <uses-permission android:name="android.permission.ACCESS_NETWORK_STATE" />
13-->[com.google.firebase:firebase-firestore:21.4.0] AndroidManifest.xml:13:5-79
13-->[com.google.firebase:firebase-firestore:21.4.0] AndroidManifest.xml:13:22-76
14    <uses-permission android:name="android.permission.INTERNET" />
14-->[com.google.firebase:firebase-firestore:21.4.0] AndroidManifest.xml:14:5-67
14-->[com.google.firebase:firebase-firestore:21.4.0] AndroidManifest.xml:14:22-64
15    <uses-permission android:name="android.permission.WAKE_LOCK" /> <!-- Required by older versions of Google Play services to create IID tokens -->
15-->[com.google.android.gms:play-services-measurement-api:17.2.2] AndroidManifest.xml:24:5-68
15-->[com.google.android.gms:play-services-measurement-api:17.2.2] AndroidManifest.xml:24:22-65
16    <uses-permission android:name="com.google.android.c2dm.permission.RECEIVE" />
16-->[com.google.firebase:firebase-iid:20.0.2] AndroidManifest.xml:26:5-82
16-->[com.google.firebase:firebase-iid:20.0.2] AndroidManifest.xml:26:22-79
17    <uses-permission android:name="com.google.android.finsky.permission.BIND_GET_INSTALL_REFERRER_SERVICE" />
17-->[com.google.android.gms:play-services-measurement:17.2.2] AndroidManifest.xml:26:5-110
17-->[com.google.android.gms:play-services-measurement:17.2.2] AndroidManifest.xml:26:22-107
18
19    <application
19-->src\main\AndroidManifest.xml:5:5-21:19
20        android:name="androidx.multidex.MultiDexApplication"
20-->src\main\AndroidManifest.xml:6:9-61
21        android:allowBackup="true"
21-->src\main\AndroidManifest.xml:7:9-35
22        android:appComponentFactory="androidx.core.app.CoreComponentFactory"
22-->[androidx.core:core:1.1.0] AndroidManifest.xml:24:18-86
23        android:icon="@mipmap/ic_launcher"
23-->src\main\AndroidManifest.xml:8:9-43
24        android:label="@string/app_name"
24-->src\main\AndroidManifest.xml:9:9-41
25        android:supportsRtl="true"
25-->src\main\AndroidManifest.xml:10:9-35
26        android:theme="@style/AppTheme" >
26-->src\main\AndroidManifest.xml:11:9-40
27        <activity android:name="com.google.firebase.example.flipphone.Chat" />
27-->src\main\AndroidManifest.xml:12:9-51
27-->src\main\AndroidManifest.xml:12:19-39
28        <activity android:name="com.google.firebase.example.flipphone.MainActivity" >
28-->src\main\AndroidManifest.xml:13:9-19:20
28-->src\main\AndroidManifest.xml:13:19-47
29            <intent-filter>
29-->src\main\AndroidManifest.xml:14:13-18:29
30                <action android:name="android.intent.action.MAIN" />
30-->src\main\AndroidManifest.xml:15:17-69
30-->src\main\AndroidManifest.xml:15:25-66
31
32                <category android:name="android.intent.category.LAUNCHER" />
32-->src\main\AndroidManifest.xml:17:17-77
32-->src\main\AndroidManifest.xml:17:27-74
33            </intent-filter>
34        </activity>
35        <activity android:name="com.google.firebase.example.flipphone.PhoneDetailActivity" />
35-->src\main\AndroidManifest.xml:20:9-57
35-->src\main\AndroidManifest.xml:20:19-54
36
37        <service
37-->[com.google.firebase:firebase-firestore:21.4.0] AndroidManifest.xml:17:9-23:19
38            android:name="com.google.firebase.components.ComponentDiscoveryService"
38-->[com.google.firebase:firebase-firestore:21.4.0] AndroidManifest.xml:18:13-84
39            android:directBootAware="true"
39-->[com.google.firebase:firebase-common:19.3.0] AndroidManifest.xml:34:13-43
40            android:exported="false" >
40-->[com.google.firebase:firebase-firestore:21.4.0] AndroidManifest.xml:19:13-37
41            <meta-data
41-->[com.google.firebase:firebase-firestore:21.4.0] AndroidManifest.xml:20:13-22:85
42                android:name="com.google.firebase.components:com.google.firebase.firestore.FirestoreRegistrar"
42-->[com.google.firebase:firebase-firestore:21.4.0] AndroidManifest.xml:21:17-111
43                android:value="com.google.firebase.components.ComponentRegistrar" />
43-->[com.google.firebase:firebase-firestore:21.4.0] AndroidManifest.xml:22:17-82
44            <meta-data
44-->[com.google.firebase:firebase-auth:19.2.0] AndroidManifest.xml:36:13-38:85
45                android:name="com.google.firebase.components:com.google.firebase.auth.FirebaseAuthRegistrar"
45-->[com.google.firebase:firebase-auth:19.2.0] AndroidManifest.xml:37:17-109
46                android:value="com.google.firebase.components.ComponentRegistrar" />
46-->[com.google.firebase:firebase-auth:19.2.0] AndroidManifest.xml:38:17-82
47            <meta-data
47-->[com.google.android.gms:play-services-measurement-api:17.2.2] AndroidManifest.xml:30:13-32:85
48                android:name="com.google.firebase.components:com.google.firebase.analytics.connector.internal.AnalyticsConnectorRegistrar"
48-->[com.google.android.gms:play-services-measurement-api:17.2.2] AndroidManifest.xml:31:17-139
49                android:value="com.google.firebase.components.ComponentRegistrar" />
49-->[com.google.android.gms:play-services-measurement-api:17.2.2] AndroidManifest.xml:32:17-82
50            <meta-data
50-->[com.google.firebase:firebase-iid:20.0.2] AndroidManifest.xml:32:13-34:85
51                android:name="com.google.firebase.components:com.google.firebase.iid.Registrar"
51-->[com.google.firebase:firebase-iid:20.0.2] AndroidManifest.xml:33:17-96
52                android:value="com.google.firebase.components.ComponentRegistrar" />
52-->[com.google.firebase:firebase-iid:20.0.2] AndroidManifest.xml:34:17-82
53        </service>
54
55        <meta-data
55-->[com.firebaseui:firebase-ui-auth:6.2.0] AndroidManifest.xml:16:9-18:69
56            android:name="com.google.android.gms.version"
56-->[com.firebaseui:firebase-ui-auth:6.2.0] AndroidManifest.xml:17:13-58
57            android:value="@integer/google_play_services_version" />
57-->[com.firebaseui:firebase-ui-auth:6.2.0] AndroidManifest.xml:18:13-66
58        <meta-data
58-->[com.firebaseui:firebase-ui-auth:6.2.0] AndroidManifest.xml:19:9-21:63
59            android:name="com.facebook.sdk.ApplicationId"
59-->[com.firebaseui:firebase-ui-auth:6.2.0] AndroidManifest.xml:20:13-58
60            android:value="@string/facebook_application_id" />
60-->[com.firebaseui:firebase-ui-auth:6.2.0] AndroidManifest.xml:21:13-60
61
62        <activity
62-->[com.firebaseui:firebase-ui-auth:6.2.0] AndroidManifest.xml:23:9-27:61
63            android:name="com.firebase.ui.auth.KickoffActivity"
63-->[com.firebaseui:firebase-ui-auth:6.2.0] AndroidManifest.xml:24:13-64
64            android:exported="false"
64-->[com.firebaseui:firebase-ui-auth:6.2.0] AndroidManifest.xml:25:13-37
65            android:label=""
65-->[com.firebaseui:firebase-ui-auth:6.2.0] AndroidManifest.xml:26:13-29
66            android:theme="@style/FirebaseUI.Transparent" />
66-->[com.firebaseui:firebase-ui-auth:6.2.0] AndroidManifest.xml:27:13-58
67        <activity
67-->[com.firebaseui:firebase-ui-auth:6.2.0] AndroidManifest.xml:28:9-32:61
68            android:name="com.firebase.ui.auth.ui.idp.SingleSignInActivity"
68-->[com.firebaseui:firebase-ui-auth:6.2.0] AndroidManifest.xml:29:13-76
69            android:exported="false"
69-->[com.firebaseui:firebase-ui-auth:6.2.0] AndroidManifest.xml:30:13-37
70            android:label=""
70-->[com.firebaseui:firebase-ui-auth:6.2.0] AndroidManifest.xml:31:13-29
71            android:theme="@style/FirebaseUI.Transparent" />
71-->[com.firebaseui:firebase-ui-auth:6.2.0] AndroidManifest.xml:32:13-58
72        <activity
72-->[com.firebaseui:firebase-ui-auth:6.2.0] AndroidManifest.xml:33:9-37:61
73            android:name="com.firebase.ui.auth.ui.credentials.CredentialSaveActivity"
73-->[com.firebaseui:firebase-ui-auth:6.2.0] AndroidManifest.xml:34:13-86
74            android:exported="false"
74-->[com.firebaseui:firebase-ui-auth:6.2.0] AndroidManifest.xml:35:13-37
75            android:label=""
75-->[com.firebaseui:firebase-ui-auth:6.2.0] AndroidManifest.xml:36:13-29
76            android:theme="@style/FirebaseUI.Transparent" />
76-->[com.firebaseui:firebase-ui-auth:6.2.0] AndroidManifest.xml:37:13-58
77        <activity
77-->[com.firebaseui:firebase-ui-auth:6.2.0] AndroidManifest.xml:38:9-42:58
78            android:name="com.firebase.ui.auth.ui.email.RecoverPasswordActivity"
78-->[com.firebaseui:firebase-ui-auth:6.2.0] AndroidManifest.xml:39:13-81
79            android:exported="false"
79-->[com.firebaseui:firebase-ui-auth:6.2.0] AndroidManifest.xml:40:13-37
80            android:label="@string/fui_title_recover_password_activity"
80-->[com.firebaseui:firebase-ui-auth:6.2.0] AndroidManifest.xml:41:13-72
81            android:windowSoftInputMode="adjustResize" />
81-->[com.firebaseui:firebase-ui-auth:6.2.0] AndroidManifest.xml:42:13-55
82        <activity
82-->[com.firebaseui:firebase-ui-auth:6.2.0] AndroidManifest.xml:43:9-47:58
83            android:name="com.firebase.ui.auth.ui.email.EmailActivity"
83-->[com.firebaseui:firebase-ui-auth:6.2.0] AndroidManifest.xml:44:13-71
84            android:exported="false"
84-->[com.firebaseui:firebase-ui-auth:6.2.0] AndroidManifest.xml:45:13-37
85            android:label="@string/fui_sign_in_default"
85-->[com.firebaseui:firebase-ui-auth:6.2.0] AndroidManifest.xml:46:13-56
86            android:windowSoftInputMode="adjustResize" />
86-->[com.firebaseui:firebase-ui-auth:6.2.0] AndroidManifest.xml:47:13-55
87        <activity
87-->[com.firebaseui:firebase-ui-auth:6.2.0] AndroidManifest.xml:48:9-52:77
88            android:name="com.firebase.ui.auth.ui.phone.PhoneActivity"
88-->[com.firebaseui:firebase-ui-auth:6.2.0] AndroidManifest.xml:49:13-71
89            android:exported="false"
89-->[com.firebaseui:firebase-ui-auth:6.2.0] AndroidManifest.xml:50:13-37
90            android:label="@string/fui_sign_in_with_phone_number"
90-->[com.firebaseui:firebase-ui-auth:6.2.0] AndroidManifest.xml:51:13-66
91            android:windowSoftInputMode="adjustResize|stateAlwaysVisible" />
91-->[com.firebaseui:firebase-ui-auth:6.2.0] AndroidManifest.xml:52:13-74
92        <activity
92-->[com.firebaseui:firebase-ui-auth:6.2.0] AndroidManifest.xml:53:9-57:58
93            android:name="com.firebase.ui.auth.ui.idp.WelcomeBackIdpPrompt"
93-->[com.firebaseui:firebase-ui-auth:6.2.0] AndroidManifest.xml:54:13-76
94            android:exported="false"
94-->[com.firebaseui:firebase-ui-auth:6.2.0] AndroidManifest.xml:55:13-37
95            android:label="@string/fui_title_welcome_back_idp_prompt"
95-->[com.firebaseui:firebase-ui-auth:6.2.0] AndroidManifest.xml:56:13-70
96            android:windowSoftInputMode="adjustResize" />
96-->[com.firebaseui:firebase-ui-auth:6.2.0] AndroidManifest.xml:57:13-55
97        <activity
97-->[com.firebaseui:firebase-ui-auth:6.2.0] AndroidManifest.xml:58:9-62:58
98            android:name="com.firebase.ui.auth.ui.email.WelcomeBackPasswordPrompt"
98-->[com.firebaseui:firebase-ui-auth:6.2.0] AndroidManifest.xml:59:13-83
99            android:exported="false"
99-->[com.firebaseui:firebase-ui-auth:6.2.0] AndroidManifest.xml:60:13-37
100            android:label="@string/fui_title_welcome_back_password_prompt"
100-->[com.firebaseui:firebase-ui-auth:6.2.0] AndroidManifest.xml:61:13-75
101            android:windowSoftInputMode="adjustResize" />
101-->[com.firebaseui:firebase-ui-auth:6.2.0] AndroidManifest.xml:62:13-55
102        <activity
102-->[com.firebaseui:firebase-ui-auth:6.2.0] AndroidManifest.xml:63:9-67:58
103            android:name="com.firebase.ui.auth.ui.email.WelcomeBackEmailLinkPrompt"
103-->[com.firebaseui:firebase-ui-auth:6.2.0] AndroidManifest.xml:64:13-84
104            android:exported="false"
104-->[com.firebaseui:firebase-ui-auth:6.2.0] AndroidManifest.xml:65:13-37
105            android:label="@string/fui_title_welcome_back_password_prompt"
105-->[com.firebaseui:firebase-ui-auth:6.2.0] AndroidManifest.xml:66:13-75
106            android:windowSoftInputMode="adjustResize" />
106-->[com.firebaseui:firebase-ui-auth:6.2.0] AndroidManifest.xml:67:13-55
107        <activity
107-->[com.firebaseui:firebase-ui-auth:6.2.0] AndroidManifest.xml:68:9-73:58
108            android:name="com.firebase.ui.auth.ui.email.EmailLinkCatcherActivity"
108-->[com.firebaseui:firebase-ui-auth:6.2.0] AndroidManifest.xml:69:13-82
109            android:exported="false"
109-->[com.firebaseui:firebase-ui-auth:6.2.0] AndroidManifest.xml:70:13-37
110            android:label=""
110-->[com.firebaseui:firebase-ui-auth:6.2.0] AndroidManifest.xml:71:13-29
111            android:theme="@style/FirebaseUI.Transparent"
111-->[com.firebaseui:firebase-ui-auth:6.2.0] AndroidManifest.xml:72:13-58
112            android:windowSoftInputMode="adjustResize" />
112-->[com.firebaseui:firebase-ui-auth:6.2.0] AndroidManifest.xml:73:13-55
113        <activity
113-->[com.firebaseui:firebase-ui-auth:6.2.0] AndroidManifest.xml:74:9-78:58
114            android:name="com.firebase.ui.auth.ui.email.EmailLinkErrorRecoveryActivity"
114-->[com.firebaseui:firebase-ui-auth:6.2.0] AndroidManifest.xml:75:13-88
115            android:exported="false"
115-->[com.firebaseui:firebase-ui-auth:6.2.0] AndroidManifest.xml:76:13-37
116            android:label="@string/fui_sign_in_default"
116-->[com.firebaseui:firebase-ui-auth:6.2.0] AndroidManifest.xml:77:13-56
117            android:windowSoftInputMode="adjustResize" />
117-->[com.firebaseui:firebase-ui-auth:6.2.0] AndroidManifest.xml:78:13-55
118        <activity
118-->[com.firebaseui:firebase-ui-auth:6.2.0] AndroidManifest.xml:79:9-82:65
119            android:name="com.firebase.ui.auth.ui.idp.AuthMethodPickerActivity"
119-->[com.firebaseui:firebase-ui-auth:6.2.0] AndroidManifest.xml:80:13-80
120            android:exported="false"
120-->[com.firebaseui:firebase-ui-auth:6.2.0] AndroidManifest.xml:81:13-37
121            android:label="@string/fui_default_toolbar_title" />
121-->[com.firebaseui:firebase-ui-auth:6.2.0] AndroidManifest.xml:82:13-62
122        <activity
122-->[com.firebaseui:firebase-ui-auth:6.2.0] AndroidManifest.xml:83:9-87:48
123            android:name="com.facebook.FacebookActivity"
123-->[com.firebaseui:firebase-ui-auth:6.2.0] AndroidManifest.xml:84:13-57
124            android:configChanges="keyboard|keyboardHidden|screenLayout|screenSize|orientation"
124-->[com.firebaseui:firebase-ui-auth:6.2.0] AndroidManifest.xml:85:13-96
125            android:label="@string/app_name" />
125-->[com.firebaseui:firebase-ui-auth:6.2.0] AndroidManifest.xml:86:13-45
126        <activity
126-->[com.firebaseui:firebase-ui-auth:6.2.0] AndroidManifest.xml:88:9-100:20
127            android:name="com.facebook.CustomTabActivity"
127-->[com.firebaseui:firebase-ui-auth:6.2.0] AndroidManifest.xml:89:13-58
128            android:exported="true" >
128-->[com.firebaseui:firebase-ui-auth:6.2.0] AndroidManifest.xml:90:13-36
129            <intent-filter>
129-->[com.firebaseui:firebase-ui-auth:6.2.0] AndroidManifest.xml:92:13-99:29
130                <action android:name="android.intent.action.VIEW" />
130-->[com.firebaseui:firebase-ui-auth:6.2.0] AndroidManifest.xml:93:17-69
130-->[com.firebaseui:firebase-ui-auth:6.2.0] AndroidManifest.xml:93:25-66
131
132                <category android:name="android.intent.category.DEFAULT" />
132-->[com.firebaseui:firebase-ui-auth:6.2.0] AndroidManifest.xml:95:17-76
132-->[com.firebaseui:firebase-ui-auth:6.2.0] AndroidManifest.xml:95:27-73
133                <category android:name="android.intent.category.BROWSABLE" />
133-->[com.firebaseui:firebase-ui-auth:6.2.0] AndroidManifest.xml:96:17-78
133-->[com.firebaseui:firebase-ui-auth:6.2.0] AndroidManifest.xml:96:27-75
134
135                <data android:scheme="@string/facebook_login_protocol_scheme" />
135-->[com.firebaseui:firebase-ui-auth:6.2.0] AndroidManifest.xml:98:17-81
135-->[com.firebaseui:firebase-ui-auth:6.2.0] AndroidManifest.xml:98:23-78
136            </intent-filter>
137        </activity>
138
139        <provider
139-->[com.firebaseui:firebase-ui-auth:6.2.0] AndroidManifest.xml:102:9-106:38
140            android:name="com.firebase.ui.auth.data.client.AuthUiInitProvider"
140-->[com.firebaseui:firebase-ui-auth:6.2.0] AndroidManifest.xml:103:13-79
141            android:authorities="com.google.firebase.example.fireeats.authuiinitprovider"
141-->[com.firebaseui:firebase-ui-auth:6.2.0] AndroidManifest.xml:104:13-70
142            android:exported="false"
142-->[com.firebaseui:firebase-ui-auth:6.2.0] AndroidManifest.xml:105:13-37
143            android:initOrder="90" />
143-->[com.firebaseui:firebase-ui-auth:6.2.0] AndroidManifest.xml:106:13-35
144
145        <activity
145-->[com.google.firebase:firebase-auth:19.2.0] AndroidManifest.xml:24:9-31:50
146            android:name="com.google.firebase.auth.internal.FederatedSignInActivity"
146-->[com.google.firebase:firebase-auth:19.2.0] AndroidManifest.xml:25:13-85
147            android:excludeFromRecents="true"
147-->[com.google.firebase:firebase-auth:19.2.0] AndroidManifest.xml:26:13-46
148            android:exported="true"
148-->[com.google.firebase:firebase-auth:19.2.0] AndroidManifest.xml:27:13-36
149            android:launchMode="singleTask"
149-->[com.google.firebase:firebase-auth:19.2.0] AndroidManifest.xml:28:13-44
150            android:permission="com.google.firebase.auth.api.gms.permission.LAUNCH_FEDERATED_SIGN_IN"
150-->[com.google.firebase:firebase-auth:19.2.0] AndroidManifest.xml:29:13-102
151            android:theme="@android:style/Theme.Translucent.NoTitleBar" />
151-->[com.google.firebase:firebase-auth:19.2.0] AndroidManifest.xml:30:13-72
152        <activity
152-->[com.google.android.gms:play-services-auth:17.0.0] AndroidManifest.xml:23:9-27:75
153            android:name="com.google.android.gms.auth.api.signin.internal.SignInHubActivity"
153-->[com.google.android.gms:play-services-auth:17.0.0] AndroidManifest.xml:24:13-93
154            android:excludeFromRecents="true"
154-->[com.google.android.gms:play-services-auth:17.0.0] AndroidManifest.xml:25:13-46
155            android:exported="false"
155-->[com.google.android.gms:play-services-auth:17.0.0] AndroidManifest.xml:26:13-37
156            android:theme="@android:style/Theme.Translucent.NoTitleBar" />
156-->[com.google.android.gms:play-services-auth:17.0.0] AndroidManifest.xml:27:13-72
157        <!--
158            Service handling Google Sign-In user revocation. For apps that do not integrate with
159            Google Sign-In, this service will never be started.
160        -->
161        <service
161-->[com.google.android.gms:play-services-auth:17.0.0] AndroidManifest.xml:33:9-36:110
162            android:name="com.google.android.gms.auth.api.signin.RevocationBoundService"
162-->[com.google.android.gms:play-services-auth:17.0.0] AndroidManifest.xml:34:13-89
163            android:exported="true"
163-->[com.google.android.gms:play-services-auth:17.0.0] AndroidManifest.xml:35:13-36
164            android:permission="com.google.android.gms.auth.api.signin.permission.REVOCATION_NOTIFICATION" />
164-->[com.google.android.gms:play-services-auth:17.0.0] AndroidManifest.xml:36:13-107
165
166        <receiver
166-->[com.google.firebase:firebase-iid:20.0.2] AndroidManifest.xml:37:9-44:20
167            android:name="com.google.firebase.iid.FirebaseInstanceIdReceiver"
167-->[com.google.firebase:firebase-iid:20.0.2] AndroidManifest.xml:38:13-78
168            android:exported="true"
168-->[com.google.firebase:firebase-iid:20.0.2] AndroidManifest.xml:39:13-36
169            android:permission="com.google.android.c2dm.permission.SEND" >
169-->[com.google.firebase:firebase-iid:20.0.2] AndroidManifest.xml:40:13-73
170            <intent-filter>
170-->[com.google.firebase:firebase-iid:20.0.2] AndroidManifest.xml:41:13-43:29
171                <action android:name="com.google.android.c2dm.intent.RECEIVE" />
171-->[com.google.firebase:firebase-iid:20.0.2] AndroidManifest.xml:42:17-81
171-->[com.google.firebase:firebase-iid:20.0.2] AndroidManifest.xml:42:25-78
172            </intent-filter>
173        </receiver>
174
175        <provider
175-->[com.google.firebase:firebase-common:19.3.0] AndroidManifest.xml:26:9-30:39
176            android:name="com.google.firebase.provider.FirebaseInitProvider"
176-->[com.google.firebase:firebase-common:19.3.0] AndroidManifest.xml:27:13-77
177            android:authorities="com.google.firebase.example.fireeats.firebaseinitprovider"
177-->[com.google.firebase:firebase-common:19.3.0] AndroidManifest.xml:28:13-72
178            android:exported="false"
178-->[com.google.firebase:firebase-common:19.3.0] AndroidManifest.xml:29:13-37
179            android:initOrder="100" />
179-->[com.google.firebase:firebase-common:19.3.0] AndroidManifest.xml:30:13-36
180
181        <activity
181-->[com.google.android.gms:play-services-base:17.1.0] AndroidManifest.xml:23:9-26:75
182            android:name="com.google.android.gms.common.api.GoogleApiActivity"
182-->[com.google.android.gms:play-services-base:17.1.0] AndroidManifest.xml:24:13-79
183            android:exported="false"
183-->[com.google.android.gms:play-services-base:17.1.0] AndroidManifest.xml:25:13-37
184            android:theme="@android:style/Theme.Translucent.NoTitleBar" />
184-->[com.google.android.gms:play-services-base:17.1.0] AndroidManifest.xml:26:13-72
185
186        <receiver
186-->[com.google.android.gms:play-services-measurement:17.2.2] AndroidManifest.xml:29:9-33:20
187            android:name="com.google.android.gms.measurement.AppMeasurementReceiver"
187-->[com.google.android.gms:play-services-measurement:17.2.2] AndroidManifest.xml:30:13-85
188            android:enabled="true"
188-->[com.google.android.gms:play-services-measurement:17.2.2] AndroidManifest.xml:31:13-35
189            android:exported="false" >
189-->[com.google.android.gms:play-services-measurement:17.2.2] AndroidManifest.xml:32:13-37
190        </receiver>
191        <receiver
191-->[com.google.android.gms:play-services-measurement:17.2.2] AndroidManifest.xml:34:9-42:20
192            android:name="com.google.android.gms.measurement.AppMeasurementInstallReferrerReceiver"
192-->[com.google.android.gms:play-services-measurement:17.2.2] AndroidManifest.xml:35:13-100
193            android:enabled="true"
193-->[com.google.android.gms:play-services-measurement:17.2.2] AndroidManifest.xml:36:13-35
194            android:exported="true"
194-->[com.google.android.gms:play-services-measurement:17.2.2] AndroidManifest.xml:37:13-36
195            android:permission="android.permission.INSTALL_PACKAGES" >
195-->[com.google.android.gms:play-services-measurement:17.2.2] AndroidManifest.xml:38:13-69
196            <intent-filter>
196-->[com.google.android.gms:play-services-measurement:17.2.2] AndroidManifest.xml:39:13-41:29
197                <action android:name="com.android.vending.INSTALL_REFERRER" />
197-->[com.google.android.gms:play-services-measurement:17.2.2] AndroidManifest.xml:40:17-79
197-->[com.google.android.gms:play-services-measurement:17.2.2] AndroidManifest.xml:40:25-76
198            </intent-filter>
199        </receiver>
200
201        <service
201-->[com.google.android.gms:play-services-measurement:17.2.2] AndroidManifest.xml:44:9-47:40
202            android:name="com.google.android.gms.measurement.AppMeasurementService"
202-->[com.google.android.gms:play-services-measurement:17.2.2] AndroidManifest.xml:45:13-84
203            android:enabled="true"
203-->[com.google.android.gms:play-services-measurement:17.2.2] AndroidManifest.xml:46:13-35
204            android:exported="false" />
204-->[com.google.android.gms:play-services-measurement:17.2.2] AndroidManifest.xml:47:13-37
205        <service
205-->[com.google.android.gms:play-services-measurement:17.2.2] AndroidManifest.xml:48:9-52:72
206            android:name="com.google.android.gms.measurement.AppMeasurementJobService"
206-->[com.google.android.gms:play-services-measurement:17.2.2] AndroidManifest.xml:49:13-87
207            android:enabled="true"
207-->[com.google.android.gms:play-services-measurement:17.2.2] AndroidManifest.xml:50:13-35
208            android:exported="false"
208-->[com.google.android.gms:play-services-measurement:17.2.2] AndroidManifest.xml:51:13-37
209            android:permission="android.permission.BIND_JOB_SERVICE" />
209-->[com.google.android.gms:play-services-measurement:17.2.2] AndroidManifest.xml:52:13-69
210
211        <provider
211-->[androidx.lifecycle:lifecycle-process:2.2.0] AndroidManifest.xml:25:9-29:43
212            android:name="androidx.lifecycle.ProcessLifecycleOwnerInitializer"
212-->[androidx.lifecycle:lifecycle-process:2.2.0] AndroidManifest.xml:26:13-79
213            android:authorities="com.google.firebase.example.fireeats.lifecycle-process"
213-->[androidx.lifecycle:lifecycle-process:2.2.0] AndroidManifest.xml:27:13-69
214            android:exported="false"
214-->[androidx.lifecycle:lifecycle-process:2.2.0] AndroidManifest.xml:28:13-37
215            android:multiprocess="true" />
215-->[androidx.lifecycle:lifecycle-process:2.2.0] AndroidManifest.xml:29:13-40
216    </application>
217
218</manifest>